Arguments: 
  /usr/local/bin/node /usr/local/Cellar/yarn/1.22.4/libexec/bin/yarn.js add -D @types/ node typescript

PATH: 
  /usr/local/bin:/usr/local/bin:/Users/thoriqnurfaizal/.nvm/versions/node/v13.7.0/bin:/usr/local/bin:/Users/thoriqnurfaizal/bin:/usr/local/bin:/Library/Frameworks/Python.framework/Versions/3.8/bin:/usr/local/bin:/usr/bin:/bin:/usr/sbin:/sbin:/usr/local/go/bin:/Library/Apple/usr/bin:/Users/thoriqnurfaizal/.nvm/versions/node/v13.7.0/bin:/Users/thoriqnurfaizal/bin:/Library/Frameworks/Python.framework/Versions/3.8/bin://flutter/bin:/usr/local/lib/node_modules/n/bin/:/Users/thoriqnurfaizal/Library/Android/sdk//tools:/Users/thoriqnurfaizal/Library/Android/sdk//platform-tools:/Users/thoriqnurfaizal/go/bin:/Users/thoriqnurfaizal/code/tutorial/lite-reddit/flutter/bin:/usr/local/lib/node_modules/n/bin/:/Users/thoriqnurfaizal/Library/Android/sdk//tools:/Users/thoriqnurfaizal/Library/Android/sdk//platform-tools:/Users/thoriqnurfaizal/go/bin

Yarn version: 
  1.22.4

Node version: 
  12.18.2

Platform: 
  darwin x64

Trace: 
  Error: https://registry.yarnpkg.com/@types%2f: Request "https://registry.yarnpkg.com/@types%2f" returned a 405
      at Request.params.callback [as _callback] (/usr/local/Cellar/yarn/1.22.4/libexec/lib/cli.js:66996:18)
      at Request.self.callback (/usr/local/Cellar/yarn/1.22.4/libexec/lib/cli.js:140748:22)
      at Request.emit (events.js:315:20)
      at Request.<anonymous> (/usr/local/Cellar/yarn/1.22.4/libexec/lib/cli.js:141720:10)
      at Request.emit (events.js:315:20)
      at IncomingMessage.<anonymous> (/usr/local/Cellar/yarn/1.22.4/libexec/lib/cli.js:141642:12)
      at Object.onceWrapper (events.js:421:28)
      at IncomingMessage.emit (events.js:327:22)
      at endReadableNT (_stream_readable.js:1221:12)
      at processTicksAndRejections (internal/process/task_queues.js:84:21)

npm manifest: 
  {
    "name": "lite-reddit",
    "version": "1.0.0",
    "description": "",
    "main": "index.js",
    "scripts": {
      "test": "echo \"Error: no test specified\" && exit 1"
    },
    "repository": {
      "type": "git",
      "url": "git+https://github.com/thoriqnf/lite-reddit.git"
    },
    "keywords": [],
    "author": "",
    "license": "ISC",
    "bugs": {
      "url": "https://github.com/thoriqnf/lite-reddit/issues"
    },
    "homepage": "https://github.com/thoriqnf/lite-reddit#readme"
  }

yarn manifest: 
  No manifest

Lockfile: 
  No lockfile
